TN:
SF:src\constants\test-burger.ts
FNF:0
FNH:0
DA:1,1
DA:2,1
DA:3,1
DA:4,1
DA:5,1
DA:6,1
DA:7,1
DA:8,1
DA:9,1
DA:10,1
DA:11,1
DA:12,1
DA:13,1
DA:14,1
DA:15,1
DA:16,1
DA:17,1
DA:18,1
DA:19,1
DA:20,1
LF:20
LH:20
BRF:0
BRH:0
end_of_record
TN:
SF:src\constants\test-ingredients.ts
FNF:0
FNH:0
DA:1,1
DA:2,1
DA:3,1
DA:4,1
DA:5,1
DA:6,1
DA:7,1
DA:8,1
DA:9,1
DA:10,1
DA:11,1
DA:12,1
DA:13,1
DA:14,1
DA:15,1
DA:16,1
DA:17,1
DA:18,1
DA:19,1
DA:20,1
DA:21,1
DA:22,1
DA:23,1
DA:24,1
DA:25,1
DA:26,1
DA:27,1
DA:28,1
DA:29,1
DA:30,1
DA:31,1
DA:32,1
DA:33,1
DA:34,1
DA:35,1
DA:36,1
DA:37,1
DA:38,1
DA:39,1
DA:40,1
DA:41,1
DA:42,1
DA:43,1
DA:44,1
DA:45,1
DA:46,1
DA:47,1
DA:48,1
DA:49,1
LF:49
LH:49
BRF:0
BRH:0
end_of_record
TN:
SF:src\constants\test-orders-state.ts
FNF:0
FNH:0
DA:1,1
DA:2,1
DA:3,1
DA:4,1
DA:5,1
DA:6,1
DA:7,1
DA:8,1
DA:9,1
DA:10,1
DA:11,1
DA:12,1
DA:13,1
DA:14,1
DA:15,1
DA:16,1
DA:17,1
DA:18,1
DA:19,1
DA:20,1
DA:21,1
DA:22,1
LF:22
LH:22
BRF:0
BRH:0
end_of_record
TN:
SF:src\constants\test-orders.ts
FNF:0
FNH:0
DA:1,1
DA:2,1
DA:3,1
DA:4,1
DA:5,1
DA:6,1
DA:7,1
DA:8,1
DA:9,1
DA:10,1
DA:11,1
DA:12,1
DA:13,1
DA:14,1
DA:15,1
DA:16,1
DA:17,1
DA:18,1
DA:19,1
DA:20,1
DA:21,1
DA:22,1
DA:23,1
DA:24,1
DA:25,1
DA:26,1
DA:27,1
DA:28,1
DA:29,1
DA:30,1
LF:30
LH:30
BRF:0
BRH:0
end_of_record
TN:
SF:src\constants\test-user.ts
FNF:0
FNH:0
DA:1,1
DA:2,1
DA:3,1
DA:4,1
DA:5,1
DA:6,1
DA:7,1
DA:8,1
DA:9,1
DA:10,1
DA:11,1
DA:12,1
DA:13,1
DA:14,1
DA:15,1
DA:16,1
DA:17,1
DA:18,1
DA:19,1
DA:20,1
LF:20
LH:20
BRF:0
BRH:0
end_of_record
TN:
SF:src\services\reducers.ts
FNF:0
FNH:0
DA:1,1
DA:2,1
DA:3,1
DA:4,1
DA:5,1
DA:6,1
DA:7,1
DA:8,1
DA:9,1
DA:10,1
DA:11,1
DA:12,1
DA:13,1
DA:14,1
DA:15,1
LF:15
LH:15
BRF:0
BRH:0
end_of_record
TN:
SF:src\services\ingredients\IngredientsSlice.ts
FN:21,extraReducers
FN:42,selectIngredients
FN:43,selectIngredientsLoading
FN:44,selectIngredientsError
FNF:4
FNH:4
FNDA:2,extraReducers
FNDA:1,selectIngredients
FNDA:1,selectIngredientsLoading
FNDA:1,selectIngredientsError
DA:1,1
DA:2,1
DA:3,1
DA:4,1
DA:5,1
DA:6,1
DA:7,1
DA:8,1
DA:9,1
DA:10,1
DA:11,1
DA:12,1
DA:13,1
DA:14,1
DA:15,1
DA:16,1
DA:17,1
DA:18,1
DA:19,1
DA:20,1
DA:21,1
DA:22,2
DA:23,2
DA:24,1
DA:25,1
DA:26,2
DA:27,2
DA:28,2
DA:29,2
DA:30,2
DA:31,2
DA:32,2
DA:33,2
DA:34,2
DA:35,2
DA:36,2
DA:37,2
DA:38,2
DA:39,2
DA:40,1
DA:41,1
DA:42,1
DA:43,1
DA:44,1
DA:45,1
DA:46,1
DA:47,1
DA:48,1
DA:49,1
DA:50,1
DA:51,1
DA:52,1
DA:53,1
DA:54,1
DA:55,1
LF:55
LH:55
BRDA:21,0,0,2
BRDA:23,1,0,1
BRDA:29,2,0,2
BRDA:34,3,0,2
BRDA:37,4,0,1
BRDA:38,5,0,1
BRDA:42,6,0,1
BRDA:43,7,0,1
BRDA:44,8,0,1
BRF:9
BRH:9
end_of_record
TN:
SF:src\services\ingredients\actions.ts
FNF:0
FNH:0
DA:1,1
DA:2,1
DA:3,1
DA:4,1
DA:5,1
DA:6,1
DA:7,1
DA:8,1
DA:9,4
DA:10,4
DA:11,4
DA:12,4
DA:13,4
DA:14,4
DA:15,4
DA:16,4
DA:17,4
DA:18,4
DA:19,4
DA:20,1
LF:20
LH:20
BRDA:8,0,0,4
BRDA:8,1,0,4
BRDA:15,2,0,1
BRDA:16,3,0,1
BRF:4
BRH:4
end_of_record
TN:
SF:src\services\orders\OrdersSlice.ts
FN:53,setNewOrder
FN:58,extraReducers
FN:131,selectFeedOrders
FN:132,selectOrdersLoading
FN:133,selectOrderByNumber
FN:134,selectFeed
FN:135,selectNewOrder
FN:136,selectOrderRequest
FN:137,selectUserOrders
FNF:9
FNH:2
FNDA:2,setNewOrder
FNDA:6,extraReducers
FNDA:0,selectFeedOrders
FNDA:0,selectOrdersLoading
FNDA:0,selectOrderByNumber
FNDA:0,selectFeed
FNDA:0,selectNewOrder
FNDA:0,selectOrderRequest
FNDA:0,selectUserOrders
DA:1,1
DA:2,1
DA:3,1
DA:4,1
DA:5,1
DA:6,1
DA:7,1
DA:8,1
DA:9,1
DA:10,1
DA:11,1
DA:12,1
DA:13,1
DA:14,1
DA:15,1
DA:16,1
DA:17,1
DA:18,1
DA:19,1
DA:20,1
DA:21,1
DA:22,1
DA:23,1
DA:24,1
DA:25,1
DA:26,1
DA:27,1
DA:28,1
DA:29,1
DA:30,1
DA:31,1
DA:32,1
DA:33,1
DA:34,1
DA:35,1
DA:36,1
DA:37,1
DA:38,1
DA:39,1
DA:40,1
DA:41,1
DA:42,1
DA:43,1
DA:44,1
DA:45,1
DA:46,1
DA:47,1
DA:48,1
DA:49,1
DA:50,1
DA:51,1
DA:52,1
DA:53,1
DA:54,2
DA:55,2
DA:56,2
DA:57,1
DA:58,1
DA:59,6
DA:60,6
DA:61,6
DA:62,1
DA:63,1
DA:64,6
DA:65,6
DA:66,6
DA:67,6
DA:68,1
DA:69,1
DA:70,1
DA:71,6
DA:72,6
DA:73,1
DA:74,1
DA:75,6
DA:76,6
DA:77,6
DA:78,6
DA:79,1
DA:80,1
DA:81,1
DA:82,6
DA:83,6
DA:84,2
DA:85,2
DA:86,2
DA:87,6
DA:88,6
DA:89,1
DA:90,1
DA:91,6
DA:92,6
DA:93,6
DA:94,6
DA:95,1
DA:96,1
DA:97,1
DA:98,6
DA:99,6
DA:100,1
DA:101,1
DA:102,1
DA:103,1
DA:104,1
DA:105,1
DA:106,6
DA:107,6
DA:108,1
DA:109,1
DA:110,1
DA:111,6
DA:112,6
DA:113,6
DA:114,6
DA:115,1
DA:116,1
DA:117,6
DA:118,6
DA:119,6
DA:120,6
DA:121,1
DA:122,1
DA:123,1
DA:124,6
DA:125,6
DA:126,1
DA:127,1
DA:128,6
DA:129,1
DA:130,1
DA:131,1
DA:132,1
DA:133,1
DA:134,1
DA:135,1
DA:136,1
DA:137,1
DA:138,1
DA:139,1
DA:140,1
DA:141,1
DA:142,1
DA:143,1
DA:144,1
DA:145,1
DA:146,1
DA:147,1
DA:148,1
DA:149,1
DA:150,1
DA:151,1
DA:152,1
LF:152
LH:152
BRDA:53,0,0,2
BRDA:58,1,0,6
BRDA:61,2,0,1
BRDA:67,3,0,1
BRDA:72,4,0,1
BRDA:78,5,0,1
BRDA:83,6,0,2
BRDA:86,7,0,1
BRDA:88,8,0,1
BRDA:94,9,0,1
BRDA:99,10,0,1
BRDA:107,11,0,1
BRDA:114,12,0,1
BRDA:120,13,0,1
BRDA:125,14,0,1
BRF:15
BRH:15
end_of_record
TN:
SF:src\services\orders\actions.ts
FNF:0
FNH:0
DA:1,1
DA:2,1
DA:3,1
DA:4,1
DA:5,1
DA:6,1
DA:7,1
DA:8,1
DA:9,1
DA:10,1
DA:11,1
DA:12,1
DA:13,3
DA:14,3
DA:15,3
DA:16,3
DA:17,3
DA:18,3
DA:19,3
DA:20,3
DA:21,3
DA:22,3
DA:23,3
DA:24,1
DA:25,1
DA:26,1
DA:27,1
DA:28,1
DA:29,1
DA:30,3
DA:31,3
DA:32,3
DA:33,3
DA:34,3
DA:35,3
DA:36,3
DA:37,3
DA:38,3
DA:39,3
DA:40,3
DA:41,1
DA:42,1
DA:43,1
DA:44,1
DA:45,1
DA:46,1
DA:47,3
DA:48,3
DA:49,3
DA:50,3
DA:51,3
DA:52,3
DA:53,3
DA:54,3
DA:55,3
DA:56,1
DA:57,1
DA:58,1
DA:59,1
DA:60,1
DA:61,1
DA:62,3
DA:63,3
DA:64,3
DA:65,3
DA:66,3
DA:67,3
DA:68,3
DA:69,3
DA:70,3
DA:71,3
DA:72,3
DA:73,1
LF:73
LH:73
BRDA:12,0,0,3
BRDA:12,1,0,3
BRDA:19,2,0,1
BRDA:20,3,0,1
BRDA:29,4,0,3
BRDA:29,5,0,3
BRDA:36,6,0,1
BRDA:37,7,0,1
BRDA:46,8,0,3
BRDA:46,9,0,3
BRDA:52,10,0,1
BRDA:52,11,0,1
BRDA:61,12,0,3
BRDA:61,13,0,3
BRDA:68,14,0,1
BRDA:69,15,0,1
BRF:16
BRH:16
end_of_record
TN:
SF:src\services\slices\ConstructorSlice.ts
FN:27,reducer
FN:35,prepare
FN:41,swapIngredient
FN:54,removeIngredient
FN:61,clearBurger
FN:67,selectBurgerConstructor
FNF:6
FNH:5
FNDA:10,reducer
FNDA:10,prepare
FNDA:1,swapIngredient
FNDA:1,removeIngredient
FNDA:1,clearBurger
FNDA:0,selectBurgerConstructor
DA:1,1
DA:2,1
DA:3,1
DA:4,1
DA:5,1
DA:6,1
DA:7,1
DA:8,1
DA:9,1
DA:10,1
DA:11,1
DA:12,1
DA:13,1
DA:14,1
DA:15,1
DA:16,1
DA:17,1
DA:18,1
DA:19,1
DA:20,1
DA:21,1
DA:22,1
DA:23,1
DA:24,1
DA:25,1
DA:26,1
DA:27,1
DA:28,10
DA:29,10
DA:30,2
DA:31,10
DA:32,8
DA:33,8
DA:34,1
DA:35,1
DA:36,10
DA:37,10
DA:38,10
DA:39,1
DA:40,1
DA:41,1
DA:42,1
DA:43,1
DA:44,1
DA:45,1
DA:46,1
DA:47,1
DA:48,1
DA:49,1
DA:50,1
DA:51,1
DA:52,1
DA:53,1
DA:54,1
DA:55,1
DA:56,1
DA:57,1
DA:58,1
DA:59,1
DA:60,1
DA:61,1
DA:62,1
DA:63,1
DA:64,1
DA:65,1
DA:66,1
DA:67,1
DA:68,1
DA:69,1
DA:70,1
DA:71,1
DA:72,1
DA:73,1
DA:74,1
LF:74
LH:74
BRDA:27,0,0,10
BRDA:29,1,0,2
BRDA:31,2,0,8
BRDA:35,3,0,10
BRDA:41,4,0,1
BRDA:54,5,0,1
BRDA:57,6,0,2
BRDA:61,7,0,1
BRF:8
BRH:8
end_of_record
TN:
SF:src\services\user\UserSlice.ts
FN:30,setUser
FN:34,extraReducers
FN:116,selectUser
FN:117,selectIsAuthChecked
FN:118,selectUserLoading
FNF:5
FNH:2
FNDA:2,setUser
FNDA:2,extraReducers
FNDA:0,selectUser
FNDA:0,selectIsAuthChecked
FNDA:0,selectUserLoading
DA:1,1
DA:2,1
DA:3,1
DA:4,1
DA:5,1
DA:6,1
DA:7,1
DA:8,1
DA:9,1
DA:10,1
DA:11,1
DA:12,1
DA:13,1
DA:14,1
DA:15,1
DA:16,1
DA:17,1
DA:18,1
DA:19,1
DA:20,1
DA:21,1
DA:22,1
DA:23,1
DA:24,1
DA:25,1
DA:26,1
DA:27,1
DA:28,1
DA:29,1
DA:30,1
DA:31,2
DA:32,2
DA:33,1
DA:34,1
DA:35,2
DA:36,2
DA:37,2
DA:38,2
DA:39,2
DA:40,2
DA:41,2
DA:42,1
DA:43,1
DA:44,2
DA:45,2
DA:46,1
DA:47,1
DA:48,1
DA:49,2
DA:50,2
DA:51,1
DA:52,1
DA:53,2
DA:54,2
DA:55,2
DA:56,2
DA:57,1
DA:58,1
DA:59,2
DA:60,2
DA:61,1
DA:62,1
DA:63,1
DA:64,2
DA:65,2
DA:66,1
DA:67,1
DA:68,2
DA:69,2
DA:70,2
DA:71,2
DA:72,1
DA:73,1
DA:74,2
DA:75,2
DA:76,1
DA:77,1
DA:78,2
DA:79,2
DA:80,1
DA:81,1
DA:82,2
DA:83,2
DA:84,2
DA:85,2
DA:86,1
DA:87,1
DA:88,2
DA:89,2
DA:90,1
DA:91,1
DA:92,2
DA:93,2
DA:94,1
DA:95,1
DA:96,2
DA:97,2
DA:98,2
DA:99,2
DA:100,1
DA:101,1
DA:102,2
DA:103,2
DA:104,1
DA:105,1
DA:106,1
DA:107,2
DA:108,2
DA:109,1
DA:110,1
DA:111,1
DA:112,1
DA:113,2
DA:114,1
DA:115,1
DA:116,1
DA:117,1
DA:118,1
DA:119,1
DA:120,1
DA:121,1
DA:122,1
DA:123,1
DA:124,1
DA:125,1
LF:125
LH:125
BRDA:30,0,0,2
BRDA:34,1,0,2
BRDA:36,2,0,2
BRDA:41,3,0,1
BRDA:45,4,0,1
BRDA:50,5,0,1
BRDA:56,6,0,1
BRDA:60,7,0,1
BRDA:65,8,0,1
BRDA:71,9,0,1
BRDA:75,10,0,1
BRDA:79,11,0,1
BRDA:85,12,0,1
BRDA:89,13,0,1
BRDA:93,14,0,1
BRDA:99,15,0,1
BRDA:103,16,0,1
BRDA:108,17,0,1
BRF:18
BRH:18
end_of_record
TN:
SF:src\services\user\actions.ts
FNF:0
FNH:0
DA:1,1
DA:2,1
DA:3,1
DA:4,1
DA:5,1
DA:6,1
DA:7,1
DA:8,1
DA:9,1
DA:10,1
DA:11,1
DA:12,1
DA:13,1
DA:14,1
DA:15,1
DA:16,1
DA:17,3
DA:18,3
DA:19,3
DA:20,3
DA:21,3
DA:22,3
DA:23,3
DA:24,3
DA:25,3
DA:26,3
DA:27,3
DA:28,3
DA:29,3
DA:30,3
DA:31,1
DA:32,1
DA:33,1
DA:34,1
DA:35,1
DA:36,1
DA:37,3
DA:38,3
DA:39,3
DA:40,3
DA:41,3
DA:42,3
DA:43,3
DA:44,3
DA:45,3
DA:46,3
DA:47,3
DA:48,3
DA:49,1
DA:50,1
DA:51,1
DA:52,1
DA:53,1
DA:54,1
DA:55,3
DA:56,3
DA:57,3
DA:58,3
DA:59,3
DA:60,3
DA:61,3
DA:62,3
DA:63,3
DA:64,3
DA:65,3
DA:66,1
DA:67,1
DA:68,1
DA:69,1
DA:70,1
DA:71,1
DA:72,3
DA:73,3
DA:74,3
DA:75,3
DA:76,3
DA:77,3
DA:78,3
DA:79,3
DA:80,3
DA:81,3
DA:82,3
DA:83,3
DA:84,1
DA:85,1
DA:86,1
DA:87,1
DA:88,1
DA:89,1
DA:90,4
DA:91,4
DA:92,4
DA:93,1
DA:94,1
DA:95,4
DA:96,4
DA:97,4
DA:98,4
DA:99,4
DA:100,4
DA:101,4
DA:102,4
DA:103,4
DA:104,4
DA:105,4
DA:106,4
DA:107,4
DA:108,1
DA:109,1
DA:110,1
DA:111,1
LF:111
LH:111
BRDA:16,0,0,3
BRDA:16,1,0,3
BRDA:26,2,0,1
BRDA:27,3,0,1
BRDA:36,4,0,3
BRDA:36,5,0,3
BRDA:45,6,0,1
BRDA:45,7,0,1
BRDA:54,8,0,3
BRDA:54,9,0,3
BRDA:61,10,0,1
BRDA:62,11,0,1
BRDA:71,12,0,3
BRDA:71,13,0,3
BRDA:80,14,0,1
BRDA:80,15,0,1
BRDA:89,16,0,4
BRDA:89,17,0,4
BRDA:92,18,0,1
BRDA:104,19,0,1
BRDA:104,20,0,1
BRF:21
BRH:21
end_of_record
TN:
SF:src\utils\burger-api.ts
FN:6,checkResponse
FN:18,refreshToken
FN:38,fetchWithRefresh
FN:74,getIngredientsApi
FN:82,getFeedsApi
FN:90,getOrdersApi
FN:107,orderBurgerApi
FN:126,getOrderByNumberApi
FN:146,registerUserApi
FN:165,loginUserApi
FN:179,forgotPasswordApi
FN:193,resetPasswordApi
FN:209,getUserApi
FN:216,updateUserApi
FN:226,logoutApi
FNF:15
FNH:15
FNDA:19,checkResponse
FNDA:2,refreshToken
FNDA:7,fetchWithRefresh
FNDA:2,getIngredientsApi
FNDA:1,getFeedsApi
FNDA:1,getOrdersApi
FNDA:1,orderBurgerApi
FNDA:1,getOrderByNumberApi
FNDA:1,registerUserApi
FNDA:1,loginUserApi
FNDA:1,forgotPasswordApi
FNDA:1,resetPasswordApi
FNDA:1,getUserApi
FNDA:1,updateUserApi
FNDA:1,logoutApi
DA:1,1
DA:2,1
DA:3,1
DA:4,1
DA:5,1
DA:6,1
DA:7,19
DA:8,1
DA:9,1
DA:10,1
DA:11,1
DA:12,1
DA:13,1
DA:14,1
DA:15,1
DA:16,1
DA:17,1
DA:18,1
DA:19,2
DA:20,2
DA:21,2
DA:22,2
DA:23,2
DA:24,2
DA:25,2
DA:26,2
DA:27,2
DA:28,2
DA:29,2
DA:30,2
DA:31,1
DA:32,1
DA:33,1
DA:34,1
DA:35,1
DA:36,2
DA:37,1
DA:38,1
DA:39,7
DA:40,7
DA:41,7
DA:42,7
DA:43,7
DA:44,7
DA:45,7
DA:46,7
DA:47,7
DA:48,7
DA:49,1
DA:50,1
DA:51,1
DA:52,1
DA:53,7
DA:54,7
DA:55,7
DA:56,7
DA:57,7
DA:58,7
DA:59,1
DA:60,1
DA:61,1
DA:62,1
DA:63,1
DA:64,1
DA:65,1
DA:66,1
DA:67,1
DA:68,1
DA:69,1
DA:70,1
DA:71,1
DA:72,1
DA:73,1
DA:74,1
DA:75,2
DA:76,2
DA:77,2
DA:78,2
DA:79,1
DA:80,2
DA:81,1
DA:82,1
DA:83,1
DA:84,1
DA:85,1
DA:86,1
DA:87,0
DA:88,1
DA:89,1
DA:90,1
DA:91,1
DA:92,1
DA:93,1
DA:94,1
DA:95,1
DA:96,1
DA:97,1
DA:98,1
DA:99,0
DA:100,1
DA:101,1
DA:102,1
DA:103,1
DA:104,1
DA:105,1
DA:106,1
DA:107,1
DA:108,1
DA:109,1
DA:110,1
DA:111,1
DA:112,1
DA:113,1
DA:114,1
DA:115,1
DA:116,1
DA:117,1
DA:118,1
DA:119,0
DA:120,1
DA:121,1
DA:122,1
DA:123,1
DA:124,1
DA:125,1
DA:126,1
DA:127,1
DA:128,1
DA:129,1
DA:130,1
DA:131,1
DA:132,1
DA:133,1
DA:134,1
DA:135,1
DA:136,1
DA:137,1
DA:138,1
DA:139,1
DA:140,1
DA:141,1
DA:142,1
DA:143,1
DA:144,1
DA:145,1
DA:146,1
DA:147,1
DA:148,1
DA:149,1
DA:150,1
DA:151,1
DA:152,1
DA:153,1
DA:154,1
DA:155,1
DA:156,1
DA:157,0
DA:158,1
DA:159,1
DA:160,1
DA:161,1
DA:162,1
DA:163,1
DA:164,1
DA:165,1
DA:166,1
DA:167,1
DA:168,1
DA:169,1
DA:170,1
DA:171,1
DA:172,1
DA:173,1
DA:174,1
DA:175,1
DA:176,0
DA:177,1
DA:178,1
DA:179,1
DA:180,1
DA:181,1
DA:182,1
DA:183,1
DA:184,1
DA:185,1
DA:186,1
DA:187,1
DA:188,1
DA:189,1
DA:190,0
DA:191,1
DA:192,1
DA:193,1
DA:194,1
DA:195,1
DA:196,1
DA:197,1
DA:198,1
DA:199,1
DA:200,1
DA:201,1
DA:202,1
DA:203,1
DA:204,0
DA:205,1
DA:206,1
DA:207,1
DA:208,1
DA:209,1
DA:210,1
DA:211,1
DA:212,1
DA:213,1
DA:214,1
DA:215,1
DA:216,1
DA:217,1
DA:218,1
DA:219,1
DA:220,1
DA:221,1
DA:222,1
DA:223,1
DA:224,1
DA:225,1
DA:226,1
DA:227,1
DA:228,1
DA:229,1
DA:230,1
DA:231,1
DA:232,1
DA:233,1
DA:234,1
DA:235,1
LF:235
LH:228
BRDA:6,0,0,19
BRDA:7,1,0,17
BRDA:7,2,0,2
BRDA:7,3,0,2
BRDA:18,4,0,2
BRDA:28,5,0,2
BRDA:29,6,0,2
BRDA:30,7,0,1
BRDA:38,8,0,7
BRDA:41,9,0,7
BRDA:44,10,0,7
BRDA:46,11,0,0
BRDA:48,12,0,1
BRDA:53,13,0,1
BRDA:55,14,0,0
BRDA:74,15,0,2
BRDA:76,16,0,2
BRDA:77,17,0,2
BRDA:78,18,0,0
BRDA:78,19,0,1
BRDA:82,20,0,1
BRDA:84,21,0,1
BRDA:85,22,0,1
BRDA:86,23,0,0
BRDA:87,24,0,0
BRDA:90,25,0,1
BRDA:97,26,0,1
BRDA:98,27,0,0
BRDA:99,28,0,0
BRDA:107,29,0,1
BRDA:117,30,0,1
BRDA:118,31,0,0
BRDA:119,32,0,0
BRDA:126,33,0,1
BRDA:132,34,0,1
BRDA:146,35,0,1
BRDA:154,36,0,1
BRDA:155,37,0,1
BRDA:156,38,0,0
BRDA:157,39,0,0
BRDA:165,40,0,1
BRDA:173,41,0,1
BRDA:174,42,0,1
BRDA:175,43,0,0
BRDA:176,44,0,0
BRDA:179,45,0,1
BRDA:187,46,0,1
BRDA:188,47,0,1
BRDA:189,48,0,0
BRDA:190,49,0,0
BRDA:193,50,0,1
BRDA:201,51,0,1
BRDA:202,52,0,1
BRDA:203,53,0,0
BRDA:204,54,0,0
BRDA:209,55,0,1
BRDA:216,56,0,1
BRDA:226,57,0,1
BRDA:235,58,0,1
BRF:59
BRH:42
end_of_record
TN:
SF:src\utils\cookie.ts
FN:1,getCookie
FN:13,setCookie
FN:45,deleteCookie
FNF:3
FNH:3
FNDA:7,getCookie
FNDA:7,setCookie
FNDA:1,deleteCookie
DA:1,7
DA:2,7
DA:3,7
DA:4,7
DA:5,7
DA:6,7
DA:7,7
DA:8,7
DA:9,7
DA:10,7
DA:11,7
DA:12,1
DA:13,7
DA:14,7
DA:15,7
DA:16,7
DA:17,7
DA:18,7
DA:19,7
DA:20,7
DA:21,7
DA:22,7
DA:23,7
DA:24,7
DA:25,2
DA:26,2
DA:27,2
DA:28,2
DA:29,7
DA:30,7
DA:31,3
DA:32,3
DA:33,7
DA:34,7
DA:35,7
DA:36,11
DA:37,11
DA:38,11
DA:39,11
DA:40,11
DA:41,11
DA:42,7
DA:43,7
DA:44,1
DA:45,1
DA:46,1
DA:47,1
LF:47
LH:47
BRDA:1,0,0,7
BRDA:10,1,0,5
BRDA:10,2,0,2
BRDA:13,3,0,7
BRDA:16,4,0,3
BRDA:24,5,0,3
BRDA:24,6,0,2
BRDA:30,7,0,3
BRDA:30,8,0,3
BRDA:35,9,0,11
BRDA:45,10,0,1
BRF:11
BRH:11
end_of_record
